  Render.cpp
C:\Users\maksi\OneDrive\Документы\комп граф\2 лаба\grafika_lab2-master\OpenGLrememberProj\Render.cpp(89,22): warning C4018: <: несоответствие типов со знаком и без знака
C:\Users\maksi\OneDrive\Документы\комп граф\2 лаба\grafika_lab2-master\OpenGLrememberProj\Render.cpp(325,31): warning C4838: Преобразование из "double" в "GLfloat" требует сужающего преобразования.
C:\Users\maksi\OneDrive\Документы\комп граф\2 лаба\grafika_lab2-master\OpenGLrememberProj\Render.cpp(325,40): warning C4838: Преобразование из "double" в "GLfloat" требует сужающего преобразования.
C:\Users\maksi\OneDrive\Документы\комп граф\2 лаба\grafika_lab2-master\OpenGLrememberProj\Render.cpp(325,49): warning C4838: Преобразование из "double" в "GLfloat" требует сужающего преобразования.
C:\Users\maksi\OneDrive\Документы\комп граф\2 лаба\grafika_lab2-master\OpenGLrememberProj\Render.cpp(595,8): warning C4566: символ, представленный универсальным именем символа "\u0432", невозможно представить в текущей кодовой странице (1252)
C:\Users\maksi\OneDrive\Документы\комп граф\2 лаба\grafika_lab2-master\OpenGLrememberProj\Render.cpp(595,8): warning C4566: символ, представленный универсальным именем символа "\u043A", невозможно представить в текущей кодовой странице (1252)
C:\Users\maksi\OneDrive\Документы\комп граф\2 лаба\grafika_lab2-master\OpenGLrememberProj\Render.cpp(595,8): warning C4566: символ, представленный универсальным именем символа "\u043B", невозможно представить в текущей кодовой странице (1252)
C:\Users\maksi\OneDrive\Документы\комп граф\2 лаба\grafika_lab2-master\OpenGLrememberProj\Render.cpp(595,8): warning C4566: символ, представленный универсальным именем символа "\u044B", невозможно представить в текущей кодовой странице (1252)
C:\Users\maksi\OneDrive\Документы\комп граф\2 лаба\grafika_lab2-master\OpenGLrememberProj\Render.cpp(595,8): warning C4566: символ, представленный универсальным именем символа "\u0442", невозможно представить в текущей кодовой странице (1252)
C:\Users\maksi\OneDrive\Документы\комп граф\2 лаба\grafika_lab2-master\OpenGLrememberProj\Render.cpp(595,8): warning C4566: символ, представленный универсальным именем символа "\u0435", невозможно представить в текущей кодовой странице (1252)
C:\Users\maksi\OneDrive\Документы\комп граф\2 лаба\grafika_lab2-master\OpenGLrememberProj\Render.cpp(595,8): warning C4566: символ, представленный универсальным именем символа "\u0441", невозможно представить в текущей кодовой странице (1252)
C:\Users\maksi\OneDrive\Документы\комп граф\2 лаба\grafika_lab2-master\OpenGLrememberProj\Render.cpp(595,8): warning C4566: символ, представленный универсальным именем символа "\u0443", невозможно представить в текущей кодовой странице (1252)
C:\Users\maksi\OneDrive\Документы\комп граф\2 лаба\grafika_lab2-master\OpenGLrememberProj\Render.cpp(595,8): warning C4566: символ, представленный универсальным именем символа "\u0440", невозможно представить в текущей кодовой странице (1252)
C:\Users\maksi\OneDrive\Документы\комп граф\2 лаба\grafika_lab2-master\OpenGLrememberProj\Render.cpp(596,8): warning C4566: символ, представленный универсальным именем символа "\u0432", невозможно представить в текущей кодовой странице (1252)
C:\Users\maksi\OneDrive\Документы\комп граф\2 лаба\grafika_lab2-master\OpenGLrememberProj\Render.cpp(596,8): warning C4566: символ, представленный универсальным именем символа "\u043A", невозможно представить в текущей кодовой странице (1252)
C:\Users\maksi\OneDrive\Документы\комп граф\2 лаба\grafika_lab2-master\OpenGLrememberProj\Render.cpp(596,8): warning C4566: символ, представленный универсальным именем символа "\u043B", невозможно представить в текущей кодовой странице (1252)
C:\Users\maksi\OneDrive\Документы\комп граф\2 лаба\grafika_lab2-master\OpenGLrememberProj\Render.cpp(596,8): warning C4566: символ, представленный универсальным именем символа "\u044B", невозможно представить в текущей кодовой странице (1252)
C:\Users\maksi\OneDrive\Документы\комп граф\2 лаба\grafika_lab2-master\OpenGLrememberProj\Render.cpp(596,8): warning C4566: символ, представленный универсальным именем символа "\u043E", невозможно представить в текущей кодовой странице (1252)
C:\Users\maksi\OneDrive\Документы\комп граф\2 лаба\grafika_lab2-master\OpenGLrememberProj\Render.cpp(596,8): warning C4566: символ, представленный универсальным именем символа "\u0441", невозможно представить в текущей кодовой странице (1252)
C:\Users\maksi\OneDrive\Документы\комп граф\2 лаба\grafika_lab2-master\OpenGLrememberProj\Render.cpp(596,8): warning C4566: символ, представленный универсальным именем символа "\u0435", невозможно представить в текущей кодовой странице (1252)
C:\Users\maksi\OneDrive\Документы\комп граф\2 лаба\grafika_lab2-master\OpenGLrememberProj\Render.cpp(596,8): warning C4566: символ, представленный универсальным именем символа "\u0449", невозможно представить в текущей кодовой странице (1252)
C:\Users\maksi\OneDrive\Документы\комп граф\2 лаба\grafika_lab2-master\OpenGLrememberProj\Render.cpp(596,8): warning C4566: символ, представленный универсальным именем символа "\u043D", невозможно представить в текущей кодовой странице (1252)
C:\Users\maksi\OneDrive\Документы\комп граф\2 лаба\grafika_lab2-master\OpenGLrememberProj\Render.cpp(596,8): warning C4566: символ, представленный универсальным именем символа "\u0438", невозможно представить в текущей кодовой странице (1252)
C:\Users\maksi\OneDrive\Документы\комп граф\2 лаба\grafika_lab2-master\OpenGLrememberProj\Render.cpp(597,8): warning C4566: символ, представленный универсальным именем символа "\u0421", невозможно представить в текущей кодовой странице (1252)
C:\Users\maksi\OneDrive\Документы\комп граф\2 лаба\grafika_lab2-master\OpenGLrememberProj\Render.cpp(597,8): warning C4566: символ, представленный универсальным именем символа "\u0432", невозможно представить в текущей кодовой странице (1252)
C:\Users\maksi\OneDrive\Документы\комп граф\2 лаба\grafika_lab2-master\OpenGLrememberProj\Render.cpp(597,8): warning C4566: символ, представленный универсальным именем символа "\u0435", невозможно представить в текущей кодовой странице (1252)
C:\Users\maksi\OneDrive\Документы\комп граф\2 лаба\grafika_lab2-master\OpenGLrememberProj\Render.cpp(597,8): warning C4566: символ, представленный универсальным именем символа "\u0442", невозможно представить в текущей кодовой странице (1252)
C:\Users\maksi\OneDrive\Документы\комп граф\2 лаба\grafika_lab2-master\OpenGLrememberProj\Render.cpp(597,8): warning C4566: символ, представленный универсальным именем символа "\u0438", невозможно представить в текущей кодовой странице (1252)
C:\Users\maksi\OneDrive\Документы\комп граф\2 лаба\grafika_lab2-master\OpenGLrememberProj\Render.cpp(597,8): warning C4566: символ, представленный универсальным именем символа "\u0437", невозможно представить в текущей кодовой странице (1252)
C:\Users\maksi\OneDrive\Документы\комп граф\2 лаба\grafika_lab2-master\OpenGLrememberProj\Render.cpp(597,8): warning C4566: символ, представленный универсальным именем символа "\u043A", невозможно представить в текущей кодовой странице (1252)
C:\Users\maksi\OneDrive\Документы\комп граф\2 лаба\grafika_lab2-master\OpenGLrememberProj\Render.cpp(597,8): warning C4566: символ, представленный универсальным именем символа "\u0430", невозможно представить в текущей кодовой странице (1252)
C:\Users\maksi\OneDrive\Документы\комп граф\2 лаба\grafika_lab2-master\OpenGLrememberProj\Render.cpp(597,8): warning C4566: символ, представленный универсальным именем символа "\u043C", невозможно представить в текущей кодовой странице (1252)
C:\Users\maksi\OneDrive\Документы\комп граф\2 лаба\grafika_lab2-master\OpenGLrememberProj\Render.cpp(597,8): warning C4566: символ, представленный универсальным именем символа "\u0440", невозможно представить в текущей кодовой странице (1252)
C:\Users\maksi\OneDrive\Документы\комп граф\2 лаба\grafika_lab2-master\OpenGLrememberProj\Render.cpp(597,8): warning C4566: символ, представленный универсальным именем символа "\u044B", невозможно представить в текущей кодовой странице (1252)
C:\Users\maksi\OneDrive\Документы\комп граф\2 лаба\grafika_lab2-master\OpenGLrememberProj\Render.cpp(598,8): warning C4566: символ, представленный универсальным именем символа "\u0434", невозможно представить в текущей кодовой странице (1252)
C:\Users\maksi\OneDrive\Документы\комп граф\2 лаба\grafika_lab2-master\OpenGLrememberProj\Render.cpp(598,8): warning C4566: символ, представленный универсальным именем символа "\u0432", невозможно представить в текущей кодовой странице (1252)
C:\Users\maksi\OneDrive\Документы\комп граф\2 лаба\grafika_lab2-master\OpenGLrememberProj\Render.cpp(598,8): warning C4566: символ, представленный универсальным именем символа "\u0438", невозможно представить в текущей кодовой странице (1252)
C:\Users\maksi\OneDrive\Документы\комп граф\2 лаба\grafika_lab2-master\OpenGLrememberProj\Render.cpp(598,8): warning C4566: символ, представленный универсальным именем символа "\u0433", невозможно представить в текущей кодовой странице (1252)
C:\Users\maksi\OneDrive\Документы\комп граф\2 лаба\grafika_lab2-master\OpenGLrememberProj\Render.cpp(598,8): warning C4566: символ, представленный универсальным именем символа "\u0430", невозможно представить в текущей кодовой странице (1252)
C:\Users\maksi\OneDrive\Документы\комп граф\2 лаба\grafika_lab2-master\OpenGLrememberProj\Render.cpp(598,8): warning C4566: символ, представленный универсальным именем символа "\u0442", невозможно представить в текущей кодовой странице (1252)
C:\Users\maksi\OneDrive\Документы\комп граф\2 лаба\grafika_lab2-master\OpenGLrememberProj\Render.cpp(598,8): warning C4566: символ, представленный универсальным именем символа "\u044C", невозможно представить в текущей кодовой странице (1252)
C:\Users\maksi\OneDrive\Документы\комп граф\2 лаба\grafika_lab2-master\OpenGLrememberProj\Render.cpp(598,8): warning C4566: символ, представленный универсальным именем символа "\u0441", невозможно представить в текущей кодовой странице (1252)
C:\Users\maksi\OneDrive\Документы\комп граф\2 лаба\grafika_lab2-master\OpenGLrememberProj\Render.cpp(598,8): warning C4566: символ, представленный универсальным именем символа "\u0435", невозможно представить в текущей кодовой странице (1252)
C:\Users\maksi\OneDrive\Документы\комп граф\2 лаба\grafika_lab2-master\OpenGLrememberProj\Render.cpp(598,8): warning C4566: символ, представленный универсальным именем символа "\u043F", невозможно представить в текущей кодовой странице (1252)
C:\Users\maksi\OneDrive\Документы\комп граф\2 лаба\grafika_lab2-master\OpenGLrememberProj\Render.cpp(598,8): warning C4566: символ, представленный универсальным именем символа "\u043E", невозможно представить в текущей кодовой странице (1252)
C:\Users\maksi\OneDrive\Документы\комп граф\2 лаба\grafika_lab2-master\OpenGLrememberProj\Render.cpp(598,8): warning C4566: символ, представленный универсальным именем символа "\u0440", невозможно представить в текущей кодовой странице (1252)
C:\Users\maksi\OneDrive\Документы\комп граф\2 лаба\grafika_lab2-master\OpenGLrememberProj\Render.cpp(598,8): warning C4566: символ, представленный универсальным именем символа "\u0437", невозможно представить в текущей кодовой странице (1252)
C:\Users\maksi\OneDrive\Документы\комп граф\2 лаба\grafika_lab2-master\OpenGLrememberProj\Render.cpp(598,8): warning C4566: символ, представленный универсальным именем символа "\u043D", невозможно представить в текущей кодовой странице (1252)
C:\Users\maksi\OneDrive\Документы\комп граф\2 лаба\grafika_lab2-master\OpenGLrememberProj\Render.cpp(598,8): warning C4566: символ, представленный универсальным именем символа "\u043B", невозможно представить в текущей кодовой странице (1252)
C:\Users\maksi\OneDrive\Документы\комп граф\2 лаба\grafika_lab2-master\OpenGLrememberProj\Render.cpp(599,8): warning C4566: символ, представленный универсальным именем символа "\u041B", невозможно представить в текущей кодовой странице (1252)
C:\Users\maksi\OneDrive\Документы\комп граф\2 лаба\grafika_lab2-master\OpenGLrememberProj\Render.cpp(599,8): warning C4566: символ, представленный универсальным именем символа "\u041A", невозможно представить в текущей кодовой странице (1252)
C:\Users\maksi\OneDrive\Документы\комп граф\2 лаба\grafika_lab2-master\OpenGLrememberProj\Render.cpp(599,8): warning C4566: символ, представленный универсальным именем символа "\u041C", невозможно представить в текущей кодовой странице (1252)
C:\Users\maksi\OneDrive\Документы\комп граф\2 лаба\grafika_lab2-master\OpenGLrememberProj\Render.cpp(599,8): warning C4566: символ, представленный универсальным именем символа "\u0434", невозможно представить в текущей кодовой странице (1252)
C:\Users\maksi\OneDrive\Документы\комп граф\2 лаба\grafika_lab2-master\OpenGLrememberProj\Render.cpp(599,8): warning C4566: символ, представленный универсальным именем символа "\u0432", невозможно представить в текущей кодовой странице (1252)
C:\Users\maksi\OneDrive\Документы\комп граф\2 лаба\grafika_lab2-master\OpenGLrememberProj\Render.cpp(599,8): warning C4566: символ, представленный универсальным именем символа "\u0438", невозможно представить в текущей кодовой странице (1252)
C:\Users\maksi\OneDrive\Документы\комп граф\2 лаба\grafika_lab2-master\OpenGLrememberProj\Render.cpp(599,8): warning C4566: символ, представленный универсальным именем символа "\u0433", невозможно представить в текущей кодовой странице (1252)
C:\Users\maksi\OneDrive\Документы\комп граф\2 лаба\grafika_lab2-master\OpenGLrememberProj\Render.cpp(599,8): warning C4566: символ, представленный универсальным именем символа "\u0430", невозможно представить в текущей кодовой странице (1252)
C:\Users\maksi\OneDrive\Документы\комп граф\2 лаба\grafika_lab2-master\OpenGLrememberProj\Render.cpp(599,8): warning C4566: символ, представленный универсальным именем символа "\u0442", невозможно представить в текущей кодовой странице (1252)
C:\Users\maksi\OneDrive\Документы\комп граф\2 лаба\grafika_lab2-master\OpenGLrememberProj\Render.cpp(599,8): warning C4566: символ, представленный универсальным именем символа "\u044C", невозможно представить в текущей кодовой странице (1252)
C:\Users\maksi\OneDrive\Документы\комп граф\2 лаба\grafika_lab2-master\OpenGLrememberProj\Render.cpp(599,8): warning C4566: символ, представленный универсальным именем символа "\u0441", невозможно представить в текущей кодовой странице (1252)
C:\Users\maksi\OneDrive\Документы\комп граф\2 лаба\grafika_lab2-master\OpenGLrememberProj\Render.cpp(599,8): warning C4566: символ, представленный универсальным именем символа "\u0435", невозможно представить в текущей кодовой странице (1252)
C:\Users\maksi\OneDrive\Документы\комп граф\2 лаба\grafika_lab2-master\OpenGLrememberProj\Render.cpp(599,8): warning C4566: символ, представленный универсальным именем символа "\u043F", невозможно представить в текущей кодовой странице (1252)
C:\Users\maksi\OneDrive\Документы\комп граф\2 лаба\grafika_lab2-master\OpenGLrememberProj\Render.cpp(599,8): warning C4566: символ, представленный универсальным именем символа "\u043E", невозможно представить в текущей кодовой странице (1252)
C:\Users\maksi\OneDrive\Документы\комп граф\2 лаба\grafika_lab2-master\OpenGLrememberProj\Render.cpp(599,8): warning C4566: символ, представленный универсальным именем символа "\u0440", невозможно представить в текущей кодовой странице (1252)
C:\Users\maksi\OneDrive\Документы\комп граф\2 лаба\grafika_lab2-master\OpenGLrememberProj\Render.cpp(599,8): warning C4566: символ, представленный универсальным именем символа "\u043A", невозможно представить в текущей кодовой странице (1252)
C:\Users\maksi\OneDrive\Документы\комп граф\2 лаба\grafika_lab2-master\OpenGLrememberProj\Render.cpp(599,8): warning C4566: символ, представленный универсальным именем символа "\u043B", невозможно представить в текущей кодовой странице (1252)
C:\Users\maksi\OneDrive\Документы\комп граф\2 лаба\grafika_lab2-master\OpenGLrememberProj\Render.cpp(600,8): warning C4566: символ, представленный универсальным именем символа "\u041A", невозможно представить в текущей кодовой странице (1252)
C:\Users\maksi\OneDrive\Документы\комп граф\2 лаба\grafika_lab2-master\OpenGLrememberProj\Render.cpp(600,8): warning C4566: символ, представленный универсальным именем символа "\u043E", невозможно представить в текущей кодовой странице (1252)
C:\Users\maksi\OneDrive\Документы\комп граф\2 лаба\grafika_lab2-master\OpenGLrememberProj\Render.cpp(600,8): warning C4566: символ, представленный универсальным именем символа "\u0440", невозможно представить в текущей кодовой странице (1252)
C:\Users\maksi\OneDrive\Документы\комп граф\2 лаба\grafika_lab2-master\OpenGLrememberProj\Render.cpp(600,8): warning C4566: символ, представленный универсальным именем символа "\u0434", невозможно представить в текущей кодовой странице (1252)
C:\Users\maksi\OneDrive\Документы\комп граф\2 лаба\grafika_lab2-master\OpenGLrememberProj\Render.cpp(600,8): warning C4566: символ, представленный универсальным именем символа "\u0441", невозможно представить в текущей кодовой странице (1252)
C:\Users\maksi\OneDrive\Документы\комп граф\2 лаба\grafika_lab2-master\OpenGLrememberProj\Render.cpp(600,8): warning C4566: символ, представленный универсальным именем символа "\u0432", невозможно представить в текущей кодовой странице (1252)
C:\Users\maksi\OneDrive\Документы\комп граф\2 лаба\grafika_lab2-master\OpenGLrememberProj\Render.cpp(600,8): warning C4566: символ, представленный универсальным именем символа "\u0435", невозможно представить в текущей кодовой странице (1252)
C:\Users\maksi\OneDrive\Документы\комп граф\2 лаба\grafika_lab2-master\OpenGLrememberProj\Render.cpp(600,8): warning C4566: символ, представленный универсальным именем символа "\u0442", невозможно представить в текущей кодовой странице (1252)
C:\Users\maksi\OneDrive\Документы\комп граф\2 лаба\grafika_lab2-master\OpenGLrememberProj\Render.cpp(600,8): warning C4566: символ, представленный универсальным именем символа "\u0430", невозможно представить в текущей кодовой странице (1252)
C:\Users\maksi\OneDrive\Документы\комп граф\2 лаба\grafika_lab2-master\OpenGLrememberProj\Render.cpp(601,8): warning C4566: символ, представленный универсальным именем символа "\u041A", невозможно представить в текущей кодовой странице (1252)
C:\Users\maksi\OneDrive\Документы\комп граф\2 лаба\grafika_lab2-master\OpenGLrememberProj\Render.cpp(601,8): warning C4566: символ, представленный универсальным именем символа "\u043E", невозможно представить в текущей кодовой странице (1252)
C:\Users\maksi\OneDrive\Документы\комп граф\2 лаба\grafika_lab2-master\OpenGLrememberProj\Render.cpp(601,8): warning C4566: символ, представленный универсальным именем символа "\u0440", невозможно представить в текущей кодовой странице (1252)
C:\Users\maksi\OneDrive\Документы\комп граф\2 лаба\grafika_lab2-master\OpenGLrememberProj\Render.cpp(601,8): warning C4566: символ, представленный универсальным именем символа "\u0434", невозможно представить в текущей кодовой странице (1252)
C:\Users\maksi\OneDrive\Документы\комп граф\2 лаба\grafika_lab2-master\OpenGLrememberProj\Render.cpp(601,8): warning C4566: символ, представленный универсальным именем символа "\u043A", невозможно представить в текущей кодовой странице (1252)
C:\Users\maksi\OneDrive\Документы\комп граф\2 лаба\grafika_lab2-master\OpenGLrememberProj\Render.cpp(601,8): warning C4566: символ, представленный универсальным именем символа "\u0430", невозможно представить в текущей кодовой странице (1252)
C:\Users\maksi\OneDrive\Документы\комп граф\2 лаба\grafika_lab2-master\OpenGLrememberProj\Render.cpp(601,8): warning C4566: символ, представленный универсальным именем символа "\u043C", невозможно представить в текущей кодовой странице (1252)
C:\Users\maksi\OneDrive\Документы\комп граф\2 лаба\grafika_lab2-master\OpenGLrememberProj\Render.cpp(601,8): warning C4566: символ, представленный универсальным именем символа "\u0435", невозможно представить в текущей кодовой странице (1252)
C:\Users\maksi\OneDrive\Документы\комп граф\2 лаба\grafika_lab2-master\OpenGLrememberProj\Render.cpp(601,8): warning C4566: символ, представленный универсальным именем символа "\u044B", невозможно представить в текущей кодовой странице (1252)
C:\Users\maksi\OneDrive\Документы\комп граф\2 лаба\grafika_lab2-master\OpenGLrememberProj\Render.cpp(602,8): warning C4566: символ, представленный универсальным именем символа "\u041F", невозможно представить в текущей кодовой странице (1252)
C:\Users\maksi\OneDrive\Документы\комп граф\2 лаба\grafika_lab2-master\OpenGLrememberProj\Render.cpp(602,8): warning C4566: символ, представленный универсальным именем символа "\u0430", невозможно представить в текущей кодовой странице (1252)
C:\Users\maksi\OneDrive\Документы\комп граф\2 лаба\grafika_lab2-master\OpenGLrememberProj\Render.cpp(602,8): warning C4566: символ, представленный универсальным именем символа "\u0440", невозможно представить в текущей кодовой странице (1252)
C:\Users\maksi\OneDrive\Документы\комп граф\2 лаба\grafika_lab2-master\OpenGLrememberProj\Render.cpp(602,8): warning C4566: символ, представленный универсальным именем символа "\u043C", невозможно представить в текущей кодовой странице (1252)
C:\Users\maksi\OneDrive\Документы\комп граф\2 лаба\grafika_lab2-master\OpenGLrememberProj\Render.cpp(602,8): warning C4566: символ, представленный универсальным именем символа "\u0435", невозможно представить в текущей кодовой странице (1252)
C:\Users\maksi\OneDrive\Документы\комп граф\2 лаба\grafika_lab2-master\OpenGLrememberProj\Render.cpp(602,8): warning C4566: символ, представленный универсальным именем символа "\u0442", невозможно представить в текущей кодовой странице (1252)
C:\Users\maksi\OneDrive\Документы\комп граф\2 лаба\grafika_lab2-master\OpenGLrememberProj\Render.cpp(602,8): warning C4566: символ, представленный универсальным именем символа "\u044B", невозможно представить в текущей кодовой странице (1252)
C:\Users\maksi\OneDrive\Документы\комп граф\2 лаба\grafika_lab2-master\OpenGLrememberProj\Render.cpp(602,8): warning C4566: символ, представленный универсальным именем символа "\u043A", невозможно представить в текущей кодовой странице (1252)
C:\Users\maksi\OneDrive\Документы\комп граф\2 лаба\grafika_lab2-master\OpenGLrememberProj\Render.cpp(73): warning C4715: Prisma::kvadrouravX: значение возвращается не при всех путях выполнения
C:\Users\maksi\OneDrive\Документы\комп граф\2 лаба\grafika_lab2-master\OpenGLrememberProj\Render.cpp(83): warning C4715: Prisma::circle_vpuclost: значение возвращается не при всех путях выполнения
  OpenGLrememberProj.vcxproj -> C:\Users\maksi\OneDrive\Документы\комп граф\2 лаба\grafika_lab2-master\Debug\OpenGLrememberProj.exe
